<?xml version="1.0" encoding="UTF-8"?>
<testng-results ignored="0" total="2" passed="2" failed="0" skipped="0">
  <reporter-output>
  </reporter-output>
  <suite started-at="2024-03-30T07:23:20Z" name="Suite" finished-at="2024-03-30T07:24:20Z" duration-ms="60065">
    <groups>
      <group name="smoke">
        <method signature="ToCreateALeadTest.toCreateALeadAndToVerifyTheLeadDetails()[pri:1, instance:leads_Module.ToCreateALeadTest@5b6ec132]" name="toCreateALeadAndToVerifyTheLeadDetails" class="leads_Module.ToCreateALeadTest"/>
      </group> <!-- smoke -->
    </groups>
    <test started-at="2024-03-30T07:23:20Z" name="Test" finished-at="2024-03-30T07:24:20Z" duration-ms="60065">
      <class name="opportunities_module.CreateOpportunitiesTest">
        <test-method is-config="true" signature="bcConfig()[pri:0, instance:opportunities_module.CreateOpportunitiesTest@5c44c582]" started-at="2024-03-30T07:23:20Z" name="bcConfig" finished-at="2024-03-30T07:23:23Z" duration-ms="3196" status="PASS">
          <reporter-output>
          </reporter-output>
        </test-method> <!-- bcConfig -->
        <test-method is-config="true" signature="bmConfig()[pri:0, instance:opportunities_module.CreateOpportunitiesTest@5c44c582]" started-at="2024-03-30T07:23:23Z" name="bmConfig" finished-at="2024-03-30T07:23:26Z" duration-ms="3187" status="PASS">
          <reporter-output>
          </reporter-output>
        </test-method> <!-- bmConfig -->
        <test-method signature="createOpportunitiesWithOrganizationNameAndCampaignNameAndVerifyTest()[pri:0, instance:opportunities_module.CreateOpportunitiesTest@5c44c582]" started-at="2024-03-30T07:23:26Z" name="createOpportunitiesWithOrganizationNameAndCampaignNameAndVerifyTest" finished-at="2024-03-30T07:23:58Z" duration-ms="31096" status="PASS">
          <reporter-output>
          </reporter-output>
        </test-method> <!-- createOpportunitiesWithOrganizationNameAndCampaignNameAndVerifyTest -->
        <test-method is-config="true" signature="amConfig()[pri:0, instance:opportunities_module.CreateOpportunitiesTest@5c44c582]" started-at="2024-03-30T07:23:58Z" name="amConfig" finished-at="2024-03-30T07:23:59Z" duration-ms="1788" status="PASS">
          <reporter-output>
          </reporter-output>
        </test-method> <!-- amConfig -->
        <test-method is-config="true" signature="acConfig()[pri:0, instance:opportunities_module.CreateOpportunitiesTest@5c44c582]" started-at="2024-03-30T07:23:59Z" name="acConfig" finished-at="2024-03-30T07:24:00Z" duration-ms="280" status="PASS">
          <reporter-output>
          </reporter-output>
        </test-method> <!-- acConfig -->
      </class> <!-- opportunities_module.CreateOpportunitiesTest -->
      <class name="leads_Module.ToCreateALeadTest">
        <test-method is-config="true" signature="bcConfig()[pri:0, instance:leads_Module.ToCreateALeadTest@5b6ec132]" started-at="2024-03-30T07:24:00Z" name="bcConfig" finished-at="2024-03-30T07:24:02Z" duration-ms="2555" status="PASS">
          <reporter-output>
          </reporter-output>
        </test-method> <!-- bcConfig -->
        <test-method is-config="true" signature="bmConfig()[pri:0, instance:leads_Module.ToCreateALeadTest@5b6ec132]" started-at="2024-03-30T07:24:02Z" name="bmConfig" finished-at="2024-03-30T07:24:06Z" duration-ms="3318" status="PASS">
          <reporter-output>
          </reporter-output>
        </test-method> <!-- bmConfig -->
        <test-method signature="toCreateALeadAndToVerifyTheLeadDetails()[pri:1, instance:leads_Module.ToCreateALeadTest@5b6ec132]" started-at="2024-03-30T07:24:06Z" name="toCreateALeadAndToVerifyTheLeadDetails" finished-at="2024-03-30T07:24:18Z" duration-ms="12025" status="PASS">
          <reporter-output>
          </reporter-output>
        </test-method> <!-- toCreateALeadAndToVerifyTheLeadDetails -->
        <test-method is-config="true" signature="amConfig()[pri:0, instance:leads_Module.ToCreateALeadTest@5b6ec132]" started-at="2024-03-30T07:24:18Z" name="amConfig" finished-at="2024-03-30T07:24:20Z" duration-ms="2059" status="PASS">
          <reporter-output>
          </reporter-output>
        </test-method> <!-- amConfig -->
        <test-method is-config="true" signature="acConfig()[pri:0, instance:leads_Module.ToCreateALeadTest@5b6ec132]" started-at="2024-03-30T07:24:20Z" name="acConfig" finished-at="2024-03-30T07:24:20Z" duration-ms="217" status="PASS">
          <reporter-output>
          </reporter-output>
        </test-method> <!-- acConfig -->
      </class> <!-- leads_Module.ToCreateALeadTest -->
    </test> <!-- Test -->
  </suite> <!-- Suite -->
</testng-results>
