<?xml version="1.0" encoding="UTF-8"?>
<!-- Generated by org.testng.reporters.JUnitXMLReporter -->
<testsuite ignored="0" hostname="DELL" failures="0" tests="2" name="Test" time="60.065" errors="0" timestamp="30 Mar 2024 07:24:21 GMT">
  <testcase classname="opportunities_module.CreateOpportunitiesTest" name="createOpportunitiesWithOrganizationNameAndCampaignNameAndVerifyTest" time="31.096"/>
  <testcase classname="leads_Module.ToCreateALeadTest" name="toCreateALeadAndToVerifyTheLeadDetails" time="12.025"/>
</testsuite> <!-- Test -->
